<html>
<head>
<title>TestNG:  Test</title>
<link href="../testng.css" rel="stylesheet" type="text/css" />
<link href="../my-testng.css" rel="stylesheet" type="text/css" />

<style type="text/css">
.log { display: none;} 
.stack-trace { display: none;} 
</style>
<script type="text/javascript">
<!--
function flip(e) {
  current = e.style.display;
  if (current == 'block') {
    e.style.display = 'none';
    return 0;
  }
  else {
    e.style.display = 'block';
    return 1;
  }
}

function toggleBox(szDivId, elem, msg1, msg2)
{
  var res = -1;  if (document.getElementById) {
    res = flip(document.getElementById(szDivId));
  }
  else if (document.all) {
    // this is the way old msie versions work
    res = flip(document.all[szDivId]);
  }
  if(elem) {
    if(res == 0) elem.innerHTML = msg1; else elem.innerHTML = msg2;
  }

}

function toggleAllBoxes() {
  if (document.getElementsByTagName) {
    d = document.getElementsByTagName('div');
    for (i = 0; i < d.length; i++) {
      if (d[i].className == 'log') {
        flip(d[i]);
      }
    }
  }
}

// -->
</script>

</head>
<body>
<h2 align='center'>Test</h2><table border='1' align="center">
<tr>
<td>Tests passed/Failed/Skipped:</td><td>3/1/0</td>
</tr><tr>
<td>Started on:</td><td>Wed Mar 05 11:53:02 IST 2025</td>
</tr>
<tr><td>Total time:</td><td>9 seconds (9014 ms)</td>
</tr><tr>
<td>Included groups:</td><td></td>
</tr><tr>
<td>Excluded groups:</td><td></td>
</tr>
</table><p/>
<small><i>(Hover the method name to see the test class name)</i></small><p/>
<table width='100%' border='1' class='invocation-failed'>
<tr><td colspan='4' align='center'><b>FAILED TESTS</b></td></tr>
<tr><td><b>Test method</b></td>
<td><b>Attribute(s)</b></td>
<td width="30%"><b>Exception</b></td>
<td width="10%"><b>Time (seconds)</b></td>
<td><b>Instance</b></td>
</tr>
<tr>
<td title='api.test.UserTests2.testGetUserByName()'><b>testGetUserByName</b><br>Test class: api.test.UserTests2</td>
<td><div><pre>java.lang.AssertionError: expected [200] but found [404]
	at api.test.UserTests2.testGetUserByName(UserTests2.java:49)
	at java.base/java.util.ArrayList.forEach(ArrayList.java:1596)
	at org.apache.maven.plugin.surefire.InPluginVMSurefireStarter.runSuitesInProcess(InPluginVMSurefireStarter.java:91)
	at org.apache.maven.plugin.surefire.AbstractSurefireMojo.executeProvider(AbstractSurefireMojo.java:1307)
	at org.apache.maven.plugin.surefire.AbstractSurefireMojo.executeAfterPreconditionsChecked(AbstractSurefireMojo.java:1134)
	at org.apache.maven.plugin.surefire.AbstractSurefireMojo.execute(AbstractSurefireMojo.java:968)
	at org.apache.maven.plugin.DefaultBuildPluginManager.executeMojo(DefaultBuildPluginManager.java:144)
	at org.apache.maven.lifecycle.internal.MojoExecutor.doExecute2(MojoExecutor.java:339)
	at org.apache.maven.lifecycle.internal.MojoExecutor.doExecute(MojoExecutor.java:310)
	at org.apache.maven.lifecycle.internal.MojoExecutor.execute(MojoExecutor.java:214)
	at org.apache.maven.lifecycle.internal.MojoExecutor.execute(MojoExecutor.java:179)
	at org.apache.maven.lifecycle.internal.MojoExecutor$1.run(MojoExecutor.java:168)
	at org.apache.maven.plugin.DefaultMojosExecutionStrategy.execute(DefaultMojosExecutionStrategy.java:39)
	at org.apache.maven.lifecycle.internal.MojoExecutor.execute(MojoExecutor.java:165)
	at org.apache.maven.lifecycle.internal.LifecycleModuleBuilder.buildProject(LifecycleModuleBuilder.java:110)
	at org.apache.maven.lifecycle.internal.LifecycleModuleBuilder.buildProject(LifecycleModuleBuilder.java:76)
	at org.apache.maven.lifecycle.internal.builder.singlethreaded.SingleThreadedBuilder.build(SingleThreadedBuilder.java:60)
	at org.apache.maven.lifecycle.internal.DefaultLifecycleStarter.execute(DefaultLifecycleStarter.java:123)
	at org.apache.maven.DefaultMaven.doExecute(DefaultMaven.java:311)
	at org.apache.maven.DefaultMaven.doExecute(DefaultMaven.java:225)
	at org.apache.maven.DefaultMaven.execute(DefaultMaven.java:149)
	at org.apache.maven.cling.invoker.mvn.MavenInvoker.doExecute(MavenInvoker.java:470)
	at org.apache.maven.cling.invoker.mvn.MavenInvoker.execute(MavenInvoker.java:95)
	at org.apache.maven.cling.invoker.mvn.MavenInvoker.execute(MavenInvoker.java:85)
	at org.apache.maven.cling.invoker.LookupInvoker.doInvoke(LookupInvoker.java:145)
	at org.apache.maven.cling.invoker.LookupInvoker.invoke(LookupInvoker.java:116)
	at org.apache.maven.cling.ClingSupport.run(ClingSupport.java:64)
	at org.apache.maven.cling.MavenCling.main(MavenCling.java:51)
	at org.codehaus.plexus.classworlds.launcher.Launcher.launchEnhanced(Launcher.java:255)
	at org.codehaus.plexus.classworlds.launcher.Launcher.launch(Launcher.java:201)
	at org.codehaus.plexus.classworlds.launcher.Launcher.mainWithExitCode(Launcher.java:361)
	at org.codehaus.plexus.classworlds.launcher.Launcher.main(Launcher.java:314)
... Removed 39 stack frames</pre></div><a href='#' onClick='toggleBox("stack-trace1170153187", this, "Click to show all stack frames", "Click to hide stack frames")'>Click to show all stack frames</a>
<div class='stack-trace' id='stack-trace1170153187'><pre>java.lang.AssertionError: expected [200] but found [404]
	at org.testng.Assert.fail(Assert.java:111)
	at org.testng.Assert.failNotEquals(Assert.java:1578)
	at org.testng.Assert.assertEqualsImpl(Assert.java:150)
	at org.testng.Assert.assertEquals(Assert.java:132)
	at org.testng.Assert.assertEquals(Assert.java:1419)
	at org.testng.Assert.assertEquals(Assert.java:1383)
	at org.testng.Assert.assertEquals(Assert.java:1429)
	at api.test.UserTests2.testGetUserByName(UserTests2.java:49)
	at java.base/jdk.internal.reflect.DirectMethodHandleAccessor.invoke(DirectMethodHandleAccessor.java:103)
	at java.base/java.lang.reflect.Method.invoke(Method.java:580)
	at org.testng.internal.invokers.MethodInvocationHelper.invokeMethod(MethodInvocationHelper.java:141)
	at org.testng.internal.invokers.TestInvoker.invokeMethod(TestInvoker.java:686)
	at org.testng.internal.invokers.TestInvoker.invokeTestMethod(TestInvoker.java:230)
	at org.testng.internal.invokers.MethodRunner.runInSequence(MethodRunner.java:63)
	at org.testng.internal.invokers.TestInvoker$MethodInvocationAgent.invoke(TestInvoker.java:992)
	at org.testng.internal.invokers.TestInvoker.invokeTestMethods(TestInvoker.java:203)
	at org.testng.internal.invokers.TestMethodWorker.invokeTestMethods(TestMethodWorker.java:154)
	at org.testng.internal.invokers.TestMethodWorker.run(TestMethodWorker.java:134)
	at java.base/java.util.ArrayList.forEach(ArrayList.java:1596)
	at org.testng.TestRunner.privateRun(TestRunner.java:739)
	at org.testng.TestRunner.run(TestRunner.java:614)
	at org.testng.SuiteRunner.runTest(SuiteRunner.java:421)
	at org.testng.SuiteRunner.runSequentially(SuiteRunner.java:413)
	at org.testng.SuiteRunner.privateRun(SuiteRunner.java:373)
	at org.testng.SuiteRunner.run(SuiteRunner.java:312)
	at org.testng.SuiteRunnerWorker.runSuite(SuiteRunnerWorker.java:52)
	at org.testng.SuiteRunnerWorker.run(SuiteRunnerWorker.java:95)
	at org.testng.TestNG.runSuitesSequentially(TestNG.java:1274)
	at org.testng.TestNG.runSuitesLocally(TestNG.java:1208)
	at org.testng.TestNG.runSuites(TestNG.java:1112)
	at org.testng.TestNG.run(TestNG.java:1079)
	at org.apache.maven.surefire.testng.TestNGExecutor.run(TestNGExecutor.java:308)
	at org.apache.maven.surefire.testng.TestNGXmlTestSuite.execute(TestNGXmlTestSuite.java:71)
	at org.apache.maven.surefire.testng.TestNGProvider.invoke(TestNGProvider.java:113)
	at java.base/jdk.internal.reflect.DirectMethodHandleAccessor.invoke(DirectMethodHandleAccessor.java:103)
	at java.base/java.lang.reflect.Method.invoke(Method.java:580)
	at org.apache.maven.surefire.api.util.ReflectionUtils.invokeMethodWithArray2(ReflectionUtils.java:137)
	at org.apache.maven.surefire.booter.ProviderFactory$ProviderProxy.invoke(ProviderFactory.java:148)
	at org.apache.maven.surefire.booter.ProviderFactory.invokeProvider(ProviderFactory.java:88)
	at org.apache.maven.plugin.surefire.InPluginVMSurefireStarter.runSuitesInProcess(InPluginVMSurefireStarter.java:91)
	at org.apache.maven.plugin.surefire.AbstractSurefireMojo.executeProvider(AbstractSurefireMojo.java:1307)
	at org.apache.maven.plugin.surefire.AbstractSurefireMojo.executeAfterPreconditionsChecked(AbstractSurefireMojo.java:1134)
	at org.apache.maven.plugin.surefire.AbstractSurefireMojo.execute(AbstractSurefireMojo.java:968)
	at org.apache.maven.plugin.DefaultBuildPluginManager.executeMojo(DefaultBuildPluginManager.java:144)
	at org.apache.maven.lifecycle.internal.MojoExecutor.doExecute2(MojoExecutor.java:339)
	at org.apache.maven.lifecycle.internal.MojoExecutor.doExecute(MojoExecutor.java:310)
	at org.apache.maven.lifecycle.internal.MojoExecutor.execute(MojoExecutor.java:214)
	at org.apache.maven.lifecycle.internal.MojoExecutor.execute(MojoExecutor.java:179)
	at org.apache.maven.lifecycle.internal.MojoExecutor$1.run(MojoExecutor.java:168)
	at org.apache.maven.plugin.DefaultMojosExecutionStrategy.execute(DefaultMojosExecutionStrategy.java:39)
	at org.apache.maven.lifecycle.internal.MojoExecutor.execute(MojoExecutor.java:165)
	at org.apache.maven.lifecycle.internal.LifecycleModuleBuilder.buildProject(LifecycleModuleBuilder.java:110)
	at org.apache.maven.lifecycle.internal.LifecycleModuleBuilder.buildProject(LifecycleModuleBuilder.java:76)
	at org.apache.maven.lifecycle.internal.builder.singlethreaded.SingleThreadedBuilder.build(SingleThreadedBuilder.java:60)
	at org.apache.maven.lifecycle.internal.DefaultLifecycleStarter.execute(DefaultLifecycleStarter.java:123)
	at org.apache.maven.DefaultMaven.doExecute(DefaultMaven.java:311)
	at org.apache.maven.DefaultMaven.doExecute(DefaultMaven.java:225)
	at org.apache.maven.DefaultMaven.execute(DefaultMaven.java:149)
	at org.apache.maven.cling.invoker.mvn.MavenInvoker.doExecute(MavenInvoker.java:470)
	at org.apache.maven.cling.invoker.mvn.MavenInvoker.execute(MavenInvoker.java:95)
	at org.apache.maven.cling.invoker.mvn.MavenInvoker.execute(MavenInvoker.java:85)
	at org.apache.maven.cling.invoker.LookupInvoker.doInvoke(LookupInvoker.java:145)
	at org.apache.maven.cling.invoker.LookupInvoker.invoke(LookupInvoker.java:116)
	at org.apache.maven.cling.ClingSupport.run(ClingSupport.java:64)
	at org.apache.maven.cling.MavenCling.main(MavenCling.java:51)
	at java.base/jdk.internal.reflect.DirectMethodHandleAccessor.invoke(DirectMethodHandleAccessor.java:103)
	at java.base/java.lang.reflect.Method.invoke(Method.java:580)
	at org.codehaus.plexus.classworlds.launcher.Launcher.launchEnhanced(Launcher.java:255)
	at org.codehaus.plexus.classworlds.launcher.Launcher.launch(Launcher.java:201)
	at org.codehaus.plexus.classworlds.launcher.Launcher.mainWithExitCode(Launcher.java:361)
	at org.codehaus.plexus.classworlds.launcher.Launcher.main(Launcher.java:314)
</pre></div></td>
<td>1</td>
<td>api.test.UserTests2@2ba08f26</td></tr>
</table><p>
<table width='100%' border='1' class='invocation-passed'>
<tr><td colspan='4' align='center'><b>PASSED TESTS</b></td></tr>
<tr><td><b>Test method</b></td>
<td><b>Attribute(s)</b></td>
<td width="30%"><b>Exception</b></td>
<td width="10%"><b>Time (seconds)</b></td>
<td><b>Instance</b></td>
</tr>
<tr>
<td title='api.test.UserTests2.testPostUser()'><b>testPostUser</b><br>Test class: api.test.UserTests2</td>
<td></td>
<td>3</td>
<td>api.test.UserTests2@2ba08f26</td></tr>
<tr>
<td title='api.test.UserTests2.testUpdateUserByName()'><b>testUpdateUserByName</b><br>Test class: api.test.UserTests2</td>
<td></td>
<td>2</td>
<td>api.test.UserTests2@2ba08f26</td></tr>
<tr>
<td title='api.test.UserTests2.testDeleteUSerByName()'><b>testDeleteUSerByName</b><br>Test class: api.test.UserTests2</td>
<td></td>
<td>1</td>
<td>api.test.UserTests2@2ba08f26</td></tr>
</table><p>
</body>
</html>