<?xml version="1.0" encoding="UTF-8"?>
<!-- Generated by org.testng.reporters.JUnitXMLReporter -->
<testsuite ignored="0" hostname="Siddhartha" failures="1" tests="4" name="Test" time="9.014" errors="0" timestamp="2025-03-05T11:53:11 IST">
  <testcase classname="api.test.UserTests2" name="testPostUser" time="3.053"/>
  <testcase classname="api.test.UserTests2" name="testGetUserByName" time="1.443">
    <failure type="java.lang.AssertionError" message="expected [200] but found [404]">
      <![CDATA[java.lang.AssertionError: expected [200] but found [404]
at api.test.UserTests2.testGetUserByName(UserTests2.java:49)
at java.base/java.util.ArrayList.forEach(ArrayList.java:1596)
at org.apache.maven.plugin.surefire.InPluginVMSurefireStarter.runSuitesInProcess(InPluginVMSurefireStarter.java:91)
at org.apache.maven.plugin.surefire.AbstractSurefireMojo.executeProvider(AbstractSurefireMojo.java:1307)
at org.apache.maven.plugin.surefire.AbstractSurefireMojo.executeAfterPreconditionsChecked(AbstractSurefireMojo.java:1134)
at org.apache.maven.plugin.surefire.AbstractSurefireMojo.execute(AbstractSurefireMojo.java:968)
at org.apache.maven.plugin.DefaultBuildPluginManager.executeMojo(DefaultBuildPluginManager.java:144)
at org.apache.maven.lifecycle.internal.MojoExecutor.doExecute2(MojoExecutor.java:339)
at org.apache.maven.lifecycle.internal.MojoExecutor.doExecute(MojoExecutor.java:310)
at org.apache.maven.lifecycle.internal.MojoExecutor.execute(MojoExecutor.java:214)
at org.apache.maven.lifecycle.internal.MojoExecutor.execute(MojoExecutor.java:179)
at org.apache.maven.lifecycle.internal.MojoExecutor$1.run(MojoExecutor.java:168)
at org.apache.maven.plugin.DefaultMojosExecutionStrategy.execute(DefaultMojosExecutionStrategy.java:39)
at org.apache.maven.lifecycle.internal.MojoExecutor.execute(MojoExecutor.java:165)
at org.apache.maven.lifecycle.internal.LifecycleModuleBuilder.buildProject(LifecycleModuleBuilder.java:110)
at org.apache.maven.lifecycle.internal.LifecycleModuleBuilder.buildProject(LifecycleModuleBuilder.java:76)
at org.apache.maven.lifecycle.internal.builder.singlethreaded.SingleThreadedBuilder.build(SingleThreadedBuilder.java:60)
at org.apache.maven.lifecycle.internal.DefaultLifecycleStarter.execute(DefaultLifecycleStarter.java:123)
at org.apache.maven.DefaultMaven.doExecute(DefaultMaven.java:311)
at org.apache.maven.DefaultMaven.doExecute(DefaultMaven.java:225)
at org.apache.maven.DefaultMaven.execute(DefaultMaven.java:149)
at org.apache.maven.cling.invoker.mvn.MavenInvoker.doExecute(MavenInvoker.java:470)
at org.apache.maven.cling.invoker.mvn.MavenInvoker.execute(MavenInvoker.java:95)
at org.apache.maven.cling.invoker.mvn.MavenInvoker.execute(MavenInvoker.java:85)
at org.apache.maven.cling.invoker.LookupInvoker.doInvoke(LookupInvoker.java:145)
at org.apache.maven.cling.invoker.LookupInvoker.invoke(LookupInvoker.java:116)
at org.apache.maven.cling.ClingSupport.run(ClingSupport.java:64)
at org.apache.maven.cling.MavenCling.main(MavenCling.java:51)
at org.codehaus.plexus.classworlds.launcher.Launcher.launchEnhanced(Launcher.java:255)
at org.codehaus.plexus.classworlds.launcher.Launcher.launch(Launcher.java:201)
at org.codehaus.plexus.classworlds.launcher.Launcher.mainWithExitCode(Launcher.java:361)
at org.codehaus.plexus.classworlds.launcher.Launcher.main(Launcher.java:314)
... Removed 39 stack frames]]>
    </failure>
  </testcase> <!-- testGetUserByName -->
  <testcase classname="api.test.UserTests2" name="testUpdateUserByName" time="2.841"/>
  <testcase classname="api.test.UserTests2" name="testDeleteUSerByName" time="1.461"/>
</testsuite> <!-- Test -->
